mode: count
github.com/ricallinson/mk3/utils.go:12.44,13.22 1 5346
github.com/ricallinson/mk3/utils.go:19.2,19.15 1 4747
github.com/ricallinson/mk3/utils.go:13.22,14.33 1 5346
github.com/ricallinson/mk3/utils.go:17.3,17.14 1 4747
github.com/ricallinson/mk3/utils.go:14.33,16.4 1 599
github.com/ricallinson/mk3/utils.go:23.31,25.2 1 591
github.com/ricallinson/mk3/utils.go:28.30,31.2 2 270
github.com/ricallinson/mk3/utils.go:34.38,37.2 2 18
github.com/ricallinson/mk3/utils.go:40.43,42.16 2 1
github.com/ricallinson/mk3/utils.go:45.2,45.10 1 1
github.com/ricallinson/mk3/utils.go:42.16,44.3 1 0
github.com/ricallinson/mk3/utils.go:48.65,50.13 2 1
github.com/ricallinson/mk3/utils.go:56.2,56.10 1 1
github.com/ricallinson/mk3/utils.go:50.13,52.17 2 1
github.com/ricallinson/mk3/utils.go:52.17,54.4 1 0
github.com/ricallinson/mk3/utils.go:59.44,61.16 2 0
github.com/ricallinson/mk3/utils.go:64.2,64.10 1 0
github.com/ricallinson/mk3/utils.go:61.16,63.3 1 0
github.com/ricallinson/mk3/executor.go:76.42,82.2 2 33
github.com/ricallinson/mk3/executor.go:84.31,86.2 1 32
github.com/ricallinson/mk3/executor.go:88.79,90.36 2 1
github.com/ricallinson/mk3/executor.go:95.2,95.10 1 1
github.com/ricallinson/mk3/executor.go:90.36,91.45 1 256
github.com/ricallinson/mk3/executor.go:91.45,93.4 1 256
github.com/ricallinson/mk3/executor.go:98.79,100.41 2 285
github.com/ricallinson/mk3/executor.go:103.2,103.37 1 285
github.com/ricallinson/mk3/executor.go:106.2,106.41 1 285
github.com/ricallinson/mk3/executor.go:113.2,113.32 1 285
github.com/ricallinson/mk3/executor.go:116.2,116.31 1 285
github.com/ricallinson/mk3/executor.go:119.2,119.33 1 285
github.com/ricallinson/mk3/executor.go:122.2,122.36 1 285
github.com/ricallinson/mk3/executor.go:129.2,129.34 1 285
github.com/ricallinson/mk3/executor.go:132.2,132.42 1 285
github.com/ricallinson/mk3/executor.go:135.2,135.42 1 285
github.com/ricallinson/mk3/executor.go:138.2,138.39 1 285
github.com/ricallinson/mk3/executor.go:141.2,141.33 1 285
github.com/ricallinson/mk3/executor.go:144.2,144.33 1 285
github.com/ricallinson/mk3/executor.go:147.2,147.33 1 285
github.com/ricallinson/mk3/executor.go:150.2,150.45 1 285
github.com/ricallinson/mk3/executor.go:154.2,154.99 1 285
github.com/ricallinson/mk3/executor.go:161.2,161.38 1 285
github.com/ricallinson/mk3/executor.go:164.2,164.33 1 285
github.com/ricallinson/mk3/executor.go:167.2,167.37 1 285
github.com/ricallinson/mk3/executor.go:170.2,170.37 1 285
github.com/ricallinson/mk3/executor.go:173.2,173.38 1 285
github.com/ricallinson/mk3/executor.go:176.2,176.35 1 285
github.com/ricallinson/mk3/executor.go:179.2,179.37 1 285
github.com/ricallinson/mk3/executor.go:182.2,182.46 1 285
github.com/ricallinson/mk3/executor.go:185.2,185.37 1 285
github.com/ricallinson/mk3/executor.go:188.2,188.32 1 285
github.com/ricallinson/mk3/executor.go:191.2,191.10 1 285
github.com/ricallinson/mk3/executor.go:100.41,102.3 1 1
github.com/ricallinson/mk3/executor.go:103.37,105.3 1 1
github.com/ricallinson/mk3/executor.go:106.41,108.3 1 1
github.com/ricallinson/mk3/executor.go:113.32,115.3 1 1
github.com/ricallinson/mk3/executor.go:116.31,118.3 1 1
github.com/ricallinson/mk3/executor.go:119.33,121.3 1 285
github.com/ricallinson/mk3/executor.go:122.36,124.3 1 1
github.com/ricallinson/mk3/executor.go:129.34,131.3 1 1
github.com/ricallinson/mk3/executor.go:132.42,134.3 1 1
github.com/ricallinson/mk3/executor.go:135.42,137.3 1 1
github.com/ricallinson/mk3/executor.go:138.39,140.3 1 1
github.com/ricallinson/mk3/executor.go:141.33,143.3 1 1
github.com/ricallinson/mk3/executor.go:144.33,146.3 1 1
github.com/ricallinson/mk3/executor.go:147.33,149.3 1 1
github.com/ricallinson/mk3/executor.go:150.45,152.3 1 1
github.com/ricallinson/mk3/executor.go:154.99,156.51 2 2
github.com/ricallinson/mk3/executor.go:159.3,159.78 1 2
github.com/ricallinson/mk3/executor.go:156.51,158.4 1 1
github.com/ricallinson/mk3/executor.go:161.38,163.3 1 1
github.com/ricallinson/mk3/executor.go:164.33,166.3 1 1
github.com/ricallinson/mk3/executor.go:167.37,169.3 1 1
github.com/ricallinson/mk3/executor.go:170.37,172.3 1 1
github.com/ricallinson/mk3/executor.go:173.38,175.3 1 1
github.com/ricallinson/mk3/executor.go:176.35,178.3 1 1
github.com/ricallinson/mk3/executor.go:179.37,181.3 1 1
github.com/ricallinson/mk3/executor.go:182.46,184.3 1 1
github.com/ricallinson/mk3/executor.go:185.37,187.3 1 1
github.com/ricallinson/mk3/executor.go:188.32,190.3 1 1
github.com/ricallinson/mk3/main.go:19.13,47.15 24 0
github.com/ricallinson/mk3/main.go:51.2,51.15 1 0
github.com/ricallinson/mk3/main.go:54.2,54.15 1 0
github.com/ricallinson/mk3/main.go:57.2,57.17 1 0
github.com/ricallinson/mk3/main.go:61.2,61.14 1 0
github.com/ricallinson/mk3/main.go:65.2,65.11 1 0
github.com/ricallinson/mk3/main.go:69.2,69.20 1 0
github.com/ricallinson/mk3/main.go:73.2,73.29 1 0
github.com/ricallinson/mk3/main.go:79.2,82.30 4 0
github.com/ricallinson/mk3/main.go:88.2,88.27 1 0
github.com/ricallinson/mk3/main.go:47.15,50.3 2 0
github.com/ricallinson/mk3/main.go:51.15,53.3 1 0
github.com/ricallinson/mk3/main.go:54.15,56.3 1 0
github.com/ricallinson/mk3/main.go:57.17,60.3 2 0
github.com/ricallinson/mk3/main.go:61.14,64.3 2 0
github.com/ricallinson/mk3/main.go:65.11,68.3 2 0
github.com/ricallinson/mk3/main.go:69.20,72.3 2 0
github.com/ricallinson/mk3/main.go:73.29,76.3 2 0
github.com/ricallinson/mk3/main.go:82.30,84.3 1 0
github.com/ricallinson/mk3/main.go:84.8,86.3 1 0
github.com/ricallinson/mk3/main.go:92.57,102.16 3 0
github.com/ricallinson/mk3/main.go:105.2,105.15 1 0
github.com/ricallinson/mk3/main.go:102.16,104.3 1 0
github.com/ricallinson/mk3/main.go:108.37,112.18 3 0
github.com/ricallinson/mk3/main.go:117.2,117.24 1 0
github.com/ricallinson/mk3/main.go:121.2,121.29 1 0
github.com/ricallinson/mk3/main.go:112.18,114.3 1 0
github.com/ricallinson/mk3/main.go:114.8,116.3 1 0
github.com/ricallinson/mk3/main.go:117.24,120.3 2 0
github.com/ricallinson/mk3/main.go:125.45,127.2 1 0
github.com/ricallinson/mk3/main.go:130.50,134.41 4 0
github.com/ricallinson/mk3/main.go:152.2,153.10 2 0
github.com/ricallinson/mk3/main.go:134.41,135.45 1 0
github.com/ricallinson/mk3/main.go:135.45,136.20 1 0
github.com/ricallinson/mk3/main.go:141.4,141.17 1 0
github.com/ricallinson/mk3/main.go:144.4,146.15 3 0
github.com/ricallinson/mk3/main.go:136.20,138.5 1 0
github.com/ricallinson/mk3/main.go:138.10,140.5 1 0
github.com/ricallinson/mk3/main.go:141.17,143.5 1 0
github.com/ricallinson/mk3/main.go:147.9,150.4 2 0
github.com/ricallinson/mk3/main.go:156.50,159.41 3 0
github.com/ricallinson/mk3/main.go:168.2,168.10 1 0
github.com/ricallinson/mk3/main.go:159.41,161.30 2 0
github.com/ricallinson/mk3/main.go:161.30,166.4 4 0
github.com/ricallinson/mk3/main.go:171.45,172.37 1 0
github.com/ricallinson/mk3/main.go:180.2,181.10 2 0
github.com/ricallinson/mk3/main.go:172.37,174.45 2 0
github.com/ricallinson/mk3/main.go:174.45,178.4 3 0
github.com/ricallinson/mk3/main.go:184.48,185.41 1 0
github.com/ricallinson/mk3/main.go:188.2,188.10 1 0
github.com/ricallinson/mk3/main.go:185.41,187.3 1 0
github.com/ricallinson/mk3/main.go:191.56,192.6 1 0
github.com/ricallinson/mk3/main.go:211.2,211.10 1 0
github.com/ricallinson/mk3/main.go:192.6,196.42 4 0
github.com/ricallinson/mk3/main.go:209.3,209.60 1 0
github.com/ricallinson/mk3/main.go:196.42,198.50 2 0
github.com/ricallinson/mk3/main.go:198.50,205.5 6 0
github.com/ricallinson/mk3/main.go:205.10,207.5 1 0
github.com/ricallinson/mk3/mk3_dt.go:20.36,25.2 2 61
github.com/ricallinson/mk3/mk3_dt.go:27.28,29.2 1 60
github.com/ricallinson/mk3/mk3_dt.go:31.49,35.16 4 599
github.com/ricallinson/mk3/mk3_dt.go:43.2,44.13 2 599
github.com/ricallinson/mk3/mk3_dt.go:35.16,37.33 2 5346
github.com/ricallinson/mk3/mk3_dt.go:40.3,41.10 2 4747
github.com/ricallinson/mk3/mk3_dt.go:37.33,38.9 1 599
github.com/ricallinson/mk3/mk3_dt.go:47.45,49.14 2 599
github.com/ricallinson/mk3/mk3_dt.go:53.2,53.10 1 599
github.com/ricallinson/mk3/mk3_dt.go:49.14,51.3 1 0
github.com/ricallinson/mk3/mk3_dt.go:56.78,65.21 6 599
github.com/ricallinson/mk3/mk3_dt.go:79.2,80.10 2 599
github.com/ricallinson/mk3/mk3_dt.go:65.21,66.39 1 3248
github.com/ricallinson/mk3/mk3_dt.go:77.3,77.8 1 2661
github.com/ricallinson/mk3/mk3_dt.go:66.39,69.4 1 1775
github.com/ricallinson/mk3/mk3_dt.go:69.9,69.47 1 1473
github.com/ricallinson/mk3/mk3_dt.go:69.47,72.4 1 886
github.com/ricallinson/mk3/mk3_dt.go:72.9,72.46 1 587
github.com/ricallinson/mk3/mk3_dt.go:72.46,75.9 2 587
github.com/ricallinson/mk3/mk3_dt.go:83.41,86.2 2 0
github.com/ricallinson/mk3/mk3_dt.go:89.63,90.29 1 4
github.com/ricallinson/mk3/mk3_dt.go:93.2,95.35 2 2
github.com/ricallinson/mk3/mk3_dt.go:90.29,92.3 1 2
github.com/ricallinson/mk3/mk3_dt.go:98.52,102.2 2 258
github.com/ricallinson/mk3/mk3_dt.go:104.57,108.2 2 2
github.com/ricallinson/mk3/mk3_dt.go:111.59,114.22 2 1
github.com/ricallinson/mk3/mk3_dt.go:118.2,119.26 2 1
github.com/ricallinson/mk3/mk3_dt.go:114.22,116.3 1 0
github.com/ricallinson/mk3/mk3_dt.go:122.47,126.28 3 0
github.com/ricallinson/mk3/mk3_dt.go:129.2,130.11 2 0
github.com/ricallinson/mk3/mk3_dt.go:126.28,128.3 1 0
github.com/ricallinson/mk3/mk3_dt.go:133.46,136.26 2 0
github.com/ricallinson/mk3/mk3_dt.go:139.2,139.24 1 0
github.com/ricallinson/mk3/mk3_dt.go:136.26,138.3 1 0
github.com/ricallinson/mk3/mk3_dt.go:142.54,147.26 4 0
github.com/ricallinson/mk3/mk3_dt.go:150.2,151.22 2 0
github.com/ricallinson/mk3/mk3_dt.go:154.2,156.17 3 0
github.com/ricallinson/mk3/mk3_dt.go:147.26,149.3 1 0
github.com/ricallinson/mk3/mk3_dt.go:151.22,153.3 1 0
github.com/ricallinson/mk3/mk3_dt.go:159.48,163.2 2 2
github.com/ricallinson/mk3/mk3_dt.go:165.47,169.2 2 2
github.com/ricallinson/mk3/mk3_dt.go:172.55,173.28 1 288
github.com/ricallinson/mk3/mk3_dt.go:176.2,179.24 3 286
github.com/ricallinson/mk3/mk3_dt.go:173.28,175.3 1 2
github.com/ricallinson/mk3/mk3_dt.go:182.52,186.2 2 2
github.com/ricallinson/mk3/mk3_dt.go:188.63,189.28 1 4
github.com/ricallinson/mk3/mk3_dt.go:192.2,194.39 2 2
github.com/ricallinson/mk3/mk3_dt.go:189.28,191.3 1 2
github.com/ricallinson/mk3/mk3_dt.go:197.53,201.2 2 2
github.com/ricallinson/mk3/mk3_dt.go:203.58,207.2 2 2
github.com/ricallinson/mk3/mk3_dt.go:209.58,213.2 2 2
github.com/ricallinson/mk3/mk3_dt.go:215.55,219.2 2 2
github.com/ricallinson/mk3/mk3_dt.go:222.49,226.2 2 2
github.com/ricallinson/mk3/mk3_dt.go:228.52,232.2 2 2
github.com/ricallinson/mk3/mk3_dt.go:234.52,238.2 2 2
github.com/ricallinson/mk3/mk3_dt.go:240.61,244.2 2 2
github.com/ricallinson/mk3/mk3_dt.go:246.72,248.10 2 4
github.com/ricallinson/mk3/mk3_dt.go:251.2,253.23 2 4
github.com/ricallinson/mk3/mk3_dt.go:248.10,250.3 1 2
github.com/ricallinson/mk3/mk3_dt.go:256.57,260.2 2 1
github.com/ricallinson/mk3/mk3_dt.go:262.52,266.2 2 2
github.com/ricallinson/mk3/mk3_dt.go:269.64,270.36 1 4
github.com/ricallinson/mk3/mk3_dt.go:273.2,275.40 2 3
github.com/ricallinson/mk3/mk3_dt.go:270.36,272.3 1 1
github.com/ricallinson/mk3/mk3_dt.go:279.64,280.36 1 4
github.com/ricallinson/mk3/mk3_dt.go:283.2,285.40 2 3
github.com/ricallinson/mk3/mk3_dt.go:280.36,282.3 1 1
github.com/ricallinson/mk3/mk3_dt.go:289.65,290.36 1 4
github.com/ricallinson/mk3/mk3_dt.go:293.2,295.40 2 3
github.com/ricallinson/mk3/mk3_dt.go:290.36,292.3 1 1
github.com/ricallinson/mk3/mk3_dt.go:298.46,302.2 2 2
github.com/ricallinson/mk3/mk3_dt.go:305.59,306.29 1 4
github.com/ricallinson/mk3/mk3_dt.go:309.2,311.35 2 2
github.com/ricallinson/mk3/mk3_dt.go:306.29,308.3 1 2
github.com/ricallinson/mk3/mk3_dt.go:315.68,316.29 1 4
github.com/ricallinson/mk3/mk3_dt.go:319.2,321.35 2 2
github.com/ricallinson/mk3/mk3_dt.go:316.29,318.3 1 2
github.com/ricallinson/mk3/mk3_dt.go:325.59,326.29 1 4
github.com/ricallinson/mk3/mk3_dt.go:329.2,331.35 2 2
github.com/ricallinson/mk3/mk3_dt.go:326.29,328.3 1 2
github.com/ricallinson/mk3/mk3_dt.go:334.47,338.2 2 2
github.com/ricallinson/mk3/mock_port.go:21.30,25.2 3 61
github.com/ricallinson/mk3/mock_port.go:27.51,31.2 3 5346
github.com/ricallinson/mk3/mock_port.go:33.52,37.19 4 599
github.com/ricallinson/mk3/mock_port.go:51.2,53.20 3 599
github.com/ricallinson/mk3/mock_port.go:37.19,38.35 1 4536
github.com/ricallinson/mk3/mock_port.go:49.3,49.8 1 3937
github.com/ricallinson/mk3/mock_port.go:38.35,41.4 1 1403
github.com/ricallinson/mk3/mock_port.go:41.9,41.43 1 3133
github.com/ricallinson/mk3/mock_port.go:41.43,44.4 1 2534
github.com/ricallinson/mk3/mock_port.go:44.9,44.26 1 599
github.com/ricallinson/mk3/mock_port.go:44.26,47.9 2 599
github.com/ricallinson/mk3/mock_port.go:56.37,58.2 1 0
github.com/ricallinson/mk3/mock_port.go:60.37,62.2 1 60
github.com/ricallinson/mk3/mock_port.go:65.55,68.9 1 599
github.com/ricallinson/mk3/mock_port.go:69.43,70.32 1 2
github.com/ricallinson/mk3/mock_port.go:71.42,72.31 1 260
github.com/ricallinson/mk3/mock_port.go:73.42,74.21 1 1
github.com/ricallinson/mk3/mock_port.go:75.23,76.22 1 0
github.com/ricallinson/mk3/mock_port.go:77.41,78.23 1 2
github.com/ricallinson/mk3/mock_port.go:79.41,80.22 1 2
github.com/ricallinson/mk3/mock_port.go:81.42,82.30 1 4
github.com/ricallinson/mk3/mock_port.go:83.41,84.19 1 286
github.com/ricallinson/mk3/mock_port.go:85.41,86.25 1 2
github.com/ricallinson/mk3/mock_port.go:87.43,88.33 1 2
github.com/ricallinson/mk3/mock_port.go:89.43,90.33 1 2
github.com/ricallinson/mk3/mock_port.go:91.41,92.30 1 2
github.com/ricallinson/mk3/mock_port.go:93.41,94.24 1 2
github.com/ricallinson/mk3/mock_port.go:95.42,96.24 1 2
github.com/ricallinson/mk3/mock_port.go:97.42,98.24 1 2
github.com/ricallinson/mk3/mock_port.go:99.41,100.39 1 6
github.com/ricallinson/mk3/mock_port.go:101.41,102.29 1 1
github.com/ricallinson/mk3/mock_port.go:103.41,104.24 1 2
github.com/ricallinson/mk3/mock_port.go:105.44,106.24 1 3
github.com/ricallinson/mk3/mock_port.go:107.44,108.24 1 3
github.com/ricallinson/mk3/mock_port.go:109.44,110.25 1 3
github.com/ricallinson/mk3/mock_port.go:111.41,112.20 1 0
github.com/ricallinson/mk3/mock_port.go:113.45,114.24 1 2
github.com/ricallinson/mk3/mock_port.go:115.45,116.33 1 2
github.com/ricallinson/mk3/mock_port.go:117.45,118.24 1 2
github.com/ricallinson/mk3/mock_port.go:119.41,120.22 1 2
github.com/ricallinson/mk3/mock_port.go:121.41,122.23 1 2
github.com/ricallinson/mk3/mock_port.go:126.62,129.2 1 591
github.com/ricallinson/mk3/mock_port.go:132.61,133.19 1 260
github.com/ricallinson/mk3/mock_port.go:133.19,135.3 1 258
github.com/ricallinson/mk3/mock_port.go:135.8,138.3 1 2
github.com/ricallinson/mk3/mock_port.go:141.62,144.2 1 2
github.com/ricallinson/mk3/mock_port.go:147.51,150.2 1 1
github.com/ricallinson/mk3/mock_port.go:152.52,153.29 1 0
github.com/ricallinson/mk3/mock_port.go:158.2,170.38 4 0
github.com/ricallinson/mk3/mock_port.go:153.29,156.3 2 0
github.com/ricallinson/mk3/mock_port.go:173.53,176.2 1 2
github.com/ricallinson/mk3/mock_port.go:178.52,181.2 1 2
github.com/ricallinson/mk3/mock_port.go:184.49,187.2 1 286
github.com/ricallinson/mk3/mock_port.go:189.60,190.19 1 4
github.com/ricallinson/mk3/mock_port.go:195.2,196.20 2 2
github.com/ricallinson/mk3/mock_port.go:200.2,200.38 1 2
github.com/ricallinson/mk3/mock_port.go:190.19,194.3 2 2
github.com/ricallinson/mk3/mock_port.go:196.20,198.3 1 1
github.com/ricallinson/mk3/mock_port.go:203.55,206.2 1 2
github.com/ricallinson/mk3/mock_port.go:208.64,210.2 0 2
github.com/ricallinson/mk3/mock_port.go:212.64,214.2 0 2
github.com/ricallinson/mk3/mock_port.go:216.61,218.2 0 2
github.com/ricallinson/mk3/mock_port.go:220.55,222.2 0 2
github.com/ricallinson/mk3/mock_port.go:224.54,227.2 1 2
github.com/ricallinson/mk3/mock_port.go:229.54,232.2 1 2
github.com/ricallinson/mk3/mock_port.go:234.69,235.19 1 6
github.com/ricallinson/mk3/mock_port.go:240.2,241.20 2 4
github.com/ricallinson/mk3/mock_port.go:245.2,245.37 1 4
github.com/ricallinson/mk3/mock_port.go:235.19,239.3 2 2
github.com/ricallinson/mk3/mock_port.go:241.20,243.3 1 2
github.com/ricallinson/mk3/mock_port.go:248.59,251.2 1 1
github.com/ricallinson/mk3/mock_port.go:253.54,256.2 1 2
github.com/ricallinson/mk3/mock_port.go:259.54,262.2 1 3
github.com/ricallinson/mk3/mock_port.go:265.54,268.2 1 3
github.com/ricallinson/mk3/mock_port.go:271.55,274.2 1 3
github.com/ricallinson/mk3/mock_port.go:276.51,278.2 0 0
github.com/ricallinson/mk3/mock_port.go:280.52,283.2 1 2
github.com/ricallinson/mk3/mock_port.go:286.54,289.2 1 2
github.com/ricallinson/mk3/mock_port.go:292.63,295.2 1 2
github.com/ricallinson/mk3/mock_port.go:298.54,301.2 1 2
github.com/ricallinson/mk3/mock_port.go:303.53,306.2 1 2
